mode: count
github.com/jannotti-glaucio/timescale-assignment/cmd/main.go:14.13,23.16 5 0
github.com/jannotti-glaucio/timescale-assignment/cmd/main.go:27.2,29.16 3 0
github.com/jannotti-glaucio/timescale-assignment/cmd/main.go:33.2,45.104 11 0
github.com/jannotti-glaucio/timescale-assignment/cmd/main.go:23.16,25.3 1 0
github.com/jannotti-glaucio/timescale-assignment/cmd/main.go:29.16,31.3 1 0
github.com/jannotti-glaucio/timescale-assignment/internal/database/database.go:10.86,13.16 2 0
github.com/jannotti-glaucio/timescale-assignment/internal/database/database.go:16.2,16.18 1 0
github.com/jannotti-glaucio/timescale-assignment/internal/database/database.go:13.16,15.3 1 0
github.com/jannotti-glaucio/timescale-assignment/internal/database/database.go:19.59,21.2 1 0
github.com/jannotti-glaucio/timescale-assignment/internal/database/database.go:23.85,25.2 1 0
github.com/jannotti-glaucio/timescale-assignment/internal/env/env.go:14.37,15.31 1 3
github.com/jannotti-glaucio/timescale-assignment/internal/env/env.go:19.2,19.28 1 2
github.com/jannotti-glaucio/timescale-assignment/internal/env/env.go:23.2,23.12 1 1
github.com/jannotti-glaucio/timescale-assignment/internal/env/env.go:15.31,17.3 1 1
github.com/jannotti-glaucio/timescale-assignment/internal/env/env.go:19.28,21.3 1 1
github.com/jannotti-glaucio/timescale-assignment/internal/env/env.go:26.40,28.32 1 0
github.com/jannotti-glaucio/timescale-assignment/internal/env/env.go:32.2,33.16 2 0
github.com/jannotti-glaucio/timescale-assignment/internal/env/env.go:37.2,37.12 1 0
github.com/jannotti-glaucio/timescale-assignment/internal/env/env.go:28.32,30.3 1 0
github.com/jannotti-glaucio/timescale-assignment/internal/env/env.go:33.16,35.3 1 0
github.com/jannotti-glaucio/timescale-assignment/internal/excepts/exceptions.go:12.36,14.2 1 2
github.com/jannotti-glaucio/timescale-assignment/internal/excepts/exceptions.go:16.82,17.19 1 2
github.com/jannotti-glaucio/timescale-assignment/internal/excepts/exceptions.go:21.2,24.3 1 2
github.com/jannotti-glaucio/timescale-assignment/internal/excepts/exceptions.go:17.19,19.3 1 1
github.com/jannotti-glaucio/timescale-assignment/internal/excepts/exceptions.go:27.87,29.2 1 0
github.com/jannotti-glaucio/timescale-assignment/internal/file/file.go:7.35,8.41 1 2
github.com/jannotti-glaucio/timescale-assignment/internal/file/file.go:8.41,10.3 1 1
github.com/jannotti-glaucio/timescale-assignment/internal/file/file.go:10.8,12.3 1 1
github.com/jannotti-glaucio/timescale-assignment/internal/logger/logger.go:14.13,15.17 1 0
github.com/jannotti-glaucio/timescale-assignment/internal/logger/logger.go:15.17,18.3 2 0
github.com/jannotti-glaucio/timescale-assignment/internal/logger/logger.go:21.20,23.2 1 0
github.com/jannotti-glaucio/timescale-assignment/internal/logger/logger.go:25.48,28.2 2 0
github.com/jannotti-glaucio/timescale-assignment/internal/logger/logger.go:30.49,33.2 2 0
github.com/jannotti-glaucio/timescale-assignment/internal/logger/logger.go:35.49,38.2 2 0
github.com/jannotti-glaucio/timescale-assignment/internal/logger/logger.go:40.64,41.19 1 2
github.com/jannotti-glaucio/timescale-assignment/internal/logger/logger.go:41.19,43.3 1 1
github.com/jannotti-glaucio/timescale-assignment/internal/logger/logger.go:43.8,45.3 1 1
github.com/jannotti-glaucio/timescale-assignment/internal/parsers/model.go:24.54,26.2 1 0
github.com/jannotti-glaucio/timescale-assignment/internal/parsers/model.go:28.64,30.2 1 0
github.com/jannotti-glaucio/timescale-assignment/internal/parsers/model.go:32.59,34.2 1 0
github.com/jannotti-glaucio/timescale-assignment/internal/parsers/parsers.go:16.71,19.20 2 0
github.com/jannotti-glaucio/timescale-assignment/internal/parsers/parsers.go:22.2,26.20 4 0
github.com/jannotti-glaucio/timescale-assignment/internal/parsers/parsers.go:30.2,31.22 2 0
github.com/jannotti-glaucio/timescale-assignment/internal/parsers/parsers.go:19.20,21.3 1 0
github.com/jannotti-glaucio/timescale-assignment/internal/parsers/parsers.go:26.20,28.3 1 0
github.com/jannotti-glaucio/timescale-assignment/internal/parsers/parsers.go:34.74,40.21 5 0
github.com/jannotti-glaucio/timescale-assignment/internal/parsers/parsers.go:60.2,60.22 1 0
github.com/jannotti-glaucio/timescale-assignment/internal/parsers/parsers.go:40.21,44.17 2 0
github.com/jannotti-glaucio/timescale-assignment/internal/parsers/parsers.go:48.3,49.17 2 0
github.com/jannotti-glaucio/timescale-assignment/internal/parsers/parsers.go:53.3,58.44 2 0
github.com/jannotti-glaucio/timescale-assignment/internal/parsers/parsers.go:44.17,45.12 1 0
github.com/jannotti-glaucio/timescale-assignment/internal/parsers/parsers.go:49.17,51.4 1 0
github.com/jannotti-glaucio/timescale-assignment/internal/parsers/parsers.go:63.110,66.19 2 7
github.com/jannotti-glaucio/timescale-assignment/internal/parsers/parsers.go:70.2,71.24 2 6
github.com/jannotti-glaucio/timescale-assignment/internal/parsers/parsers.go:75.2,75.23 1 5
github.com/jannotti-glaucio/timescale-assignment/internal/parsers/parsers.go:78.2,79.16 2 4
github.com/jannotti-glaucio/timescale-assignment/internal/parsers/parsers.go:83.2,83.23 1 3
github.com/jannotti-glaucio/timescale-assignment/internal/parsers/parsers.go:86.2,87.16 2 2
github.com/jannotti-glaucio/timescale-assignment/internal/parsers/parsers.go:90.2,90.45 1 1
github.com/jannotti-glaucio/timescale-assignment/internal/parsers/parsers.go:66.19,68.3 1 1
github.com/jannotti-glaucio/timescale-assignment/internal/parsers/parsers.go:71.24,73.3 1 1
github.com/jannotti-glaucio/timescale-assignment/internal/parsers/parsers.go:75.23,77.3 1 1
github.com/jannotti-glaucio/timescale-assignment/internal/parsers/parsers.go:79.16,81.3 1 1
github.com/jannotti-glaucio/timescale-assignment/internal/parsers/parsers.go:83.23,85.3 1 1
github.com/jannotti-glaucio/timescale-assignment/internal/parsers/parsers.go:87.16,89.3 1 1
github.com/jannotti-glaucio/timescale-assignment/internal/parsers/parsers.go:93.93,97.12 2 3
github.com/jannotti-glaucio/timescale-assignment/internal/parsers/parsers.go:97.12,101.3 2 1
github.com/jannotti-glaucio/timescale-assignment/internal/parsers/parsers.go:101.8,105.3 3 2
github.com/jannotti-glaucio/timescale-assignment/internal/repository/repository.go:16.74,19.2 2 0
github.com/jannotti-glaucio/timescale-assignment/internal/repository/repository.go:21.59,23.2 1 0
github.com/jannotti-glaucio/timescale-assignment/internal/repository/repository.go:25.150,34.16 6 0
github.com/jannotti-glaucio/timescale-assignment/internal/repository/repository.go:38.2,38.34 1 0
github.com/jannotti-glaucio/timescale-assignment/internal/repository/repository.go:34.16,36.3 1 0
github.com/jannotti-glaucio/timescale-assignment/internal/summarizer/summarizer.go:18.69,34.2 5 1
github.com/jannotti-glaucio/timescale-assignment/internal/summarizer/summarizer.go:36.105,40.33 3 3
github.com/jannotti-glaucio/timescale-assignment/internal/summarizer/summarizer.go:58.2,61.61 3 3
github.com/jannotti-glaucio/timescale-assignment/internal/summarizer/summarizer.go:40.33,43.13 2 9
github.com/jannotti-glaucio/timescale-assignment/internal/summarizer/summarizer.go:43.13,48.4 2 3
github.com/jannotti-glaucio/timescale-assignment/internal/summarizer/summarizer.go:48.9,49.42 1 6
github.com/jannotti-glaucio/timescale-assignment/internal/summarizer/summarizer.go:53.4,53.42 1 6
github.com/jannotti-glaucio/timescale-assignment/internal/summarizer/summarizer.go:49.42,51.5 1 1
github.com/jannotti-glaucio/timescale-assignment/internal/summarizer/summarizer.go:53.42,55.5 1 3
github.com/jannotti-glaucio/timescale-assignment/internal/summarizer/summarizer.go:64.60,68.14 2 5
github.com/jannotti-glaucio/timescale-assignment/internal/summarizer/summarizer.go:71.2,71.14 1 4
github.com/jannotti-glaucio/timescale-assignment/internal/summarizer/summarizer.go:75.2,75.16 1 3
github.com/jannotti-glaucio/timescale-assignment/internal/summarizer/summarizer.go:68.14,70.3 1 1
github.com/jannotti-glaucio/timescale-assignment/internal/summarizer/summarizer.go:71.14,73.3 1 1
github.com/jannotti-glaucio/timescale-assignment/internal/summarizer/summarizer.go:75.16,80.3 2 1
github.com/jannotti-glaucio/timescale-assignment/internal/summarizer/summarizer.go:80.8,84.3 2 2
github.com/jannotti-glaucio/timescale-assignment/internal/workers/workers.go:19.76,27.35 6 0
github.com/jannotti-glaucio/timescale-assignment/internal/workers/workers.go:33.2,39.32 5 0
github.com/jannotti-glaucio/timescale-assignment/internal/workers/workers.go:46.2,46.24 1 0
github.com/jannotti-glaucio/timescale-assignment/internal/workers/workers.go:27.35,32.3 3 0
github.com/jannotti-glaucio/timescale-assignment/internal/workers/workers.go:39.32,44.3 3 0
github.com/jannotti-glaucio/timescale-assignment/internal/workers/workers.go:49.153,58.16 6 0
github.com/jannotti-glaucio/timescale-assignment/internal/workers/workers.go:62.2,66.35 3 0
github.com/jannotti-glaucio/timescale-assignment/internal/workers/workers.go:83.2,87.3 2 0
github.com/jannotti-glaucio/timescale-assignment/internal/workers/workers.go:58.16,60.3 1 0
github.com/jannotti-glaucio/timescale-assignment/internal/workers/workers.go:66.35,71.17 4 0
github.com/jannotti-glaucio/timescale-assignment/internal/workers/workers.go:75.3,80.36 2 0
github.com/jannotti-glaucio/timescale-assignment/internal/workers/workers.go:71.17,73.4 1 0
